[debug] [2020-07-29T12:09:39.505Z] ----------------------------------------------------------------------
[debug] [2020-07-29T12:09:39.508Z] Command:       C:\Program Files\nodejs\node.exe C:\Users\FrankyVenus\AppData\Roaming\npm\node_modules\firebase-tools\lib\bin\firebase.js deploy
[debug] [2020-07-29T12:09:39.508Z] CLI Version:   8.4.3
[debug] [2020-07-29T12:09:39.508Z] Platform:      win32
[debug] [2020-07-29T12:09:39.508Z] Node Version:  v12.16.3
[debug] [2020-07-29T12:09:39.509Z] Time:          Thu Jul 30 2020 00:09:39 GMT+1200 (New Zealand Standard Time)
[debug] [2020-07-29T12:09:39.509Z] ----------------------------------------------------------------------
[debug] [2020-07-29T12:09:39.509Z] 
[debug] [2020-07-29T12:09:39.518Z] > command requires scopes: ["email","openid","https://www.googleapis.com/auth/cloudplatformprojects.readonly","https://www.googleapis.com/auth/firebase","https://www.googleapis.com/auth/cloud-platform"]
[debug] [2020-07-29T12:09:39.518Z] > authorizing via signed-in user
[debug] [2020-07-29T12:09:39.519Z] [iam] checking project ourdailyapp for permissions ["firebase.projects.get","firebasehosting.sites.update"]
[debug] [2020-07-29T12:09:39.522Z] >>> HTTP REQUEST POST https://cloudresourcemanager.googleapis.com/v1/projects/ourdailyapp:testIamPermissions  
 {"permissions":["firebase.projects.get","firebasehosting.sites.update"]}
[debug] [2020-07-29T12:09:40.884Z] <<< HTTP RESPONSE 200 {"content-type":"application/json; charset=UTF-8","vary":"X-Origin, Referer, Origin,Accept-Encoding","date":"Wed, 29 Jul 2020 12:09:41 GMT","server":"ESF","cache-control":"private","x-xss-protection":"0","x-frame-options":"SAMEORIGIN","x-content-type-options":"nosniff","server-timing":"gfet4t7; dur=1018","alt-svc":"h3-29=\":443\"; ma=2592000,h3-27=\":443\"; ma=2592000,h3-T050=\":443\"; ma=2592000,h3-Q050=\":443\"; ma=2592000,h3-Q046=\":443\"; ma=2592000,h3-Q043=\":443\"; ma=2592000,quic=\":443\"; ma=2592000; v=\"46,43\"","accept-ranges":"none","transfer-encoding":"chunked"}
[debug] [2020-07-29T12:09:40.886Z] >>> HTTP REQUEST GET https://firebase.googleapis.com/v1beta1/projects/ourdailyapp  
 
[debug] [2020-07-29T12:09:41.574Z] <<< HTTP RESPONSE 200 {"content-type":"application/json; charset=UTF-8","vary":"X-Origin, Referer, Origin,Accept-Encoding","date":"Wed, 29 Jul 2020 12:09:41 GMT","server":"ESF","cache-control":"private","x-xss-protection":"0","x-frame-options":"SAMEORIGIN","x-content-type-options":"nosniff","alt-svc":"h3-29=\":443\"; ma=2592000,h3-27=\":443\"; ma=2592000,h3-T050=\":443\"; ma=2592000,h3-Q050=\":443\"; ma=2592000,h3-Q046=\":443\"; ma=2592000,h3-Q043=\":443\"; ma=2592000,quic=\":443\"; ma=2592000; v=\"46,43\"","accept-ranges":"none","transfer-encoding":"chunked"}
[info] 
[info] === Deploying to 'ourdailyapp'...
[info] 
[info] i  deploying hosting 
[debug] [2020-07-29T12:09:41.588Z] >>> HTTP REQUEST POST https://firebasehosting.googleapis.com/v1beta1/sites/ourdailyapp/versions  
 {"config":{"rewrites":[{"glob":"**","path":"/index.html"}]},"labels":{"deployment-tool":"cli-firebase"}}
